#
# There is insufficient memory for the Java Runtime Environment to continue.
# Native memory allocation (malloc) failed to allocate 65552 bytes for Chunk::new
# Possible reasons:
#   The system is out of physical RAM or swap space
#   In 32 bit mode, the process size limit was hit
# Possible solutions:
#   Reduce memory load on the system
#   Increase physical memory or swap space
#   Check if swap backing store is full
#   Use 64 bit Java on a 64 bit OS
#   Decrease Java heap size (-Xmx/-Xms)
#   Decrease number of Java threads
#   Decrease Java thread stack sizes (-Xss)
#   Set larger code cache with -XX:ReservedCodeCacheSize=
# This output file may be truncated or incomplete.
#
#  Out of Memory Error (allocation.cpp:390), pid=28852, tid=0x000000000000719c
#
# JRE version: Java(TM) SE Runtime Environment (8.0_131-b11) (build 1.8.0_131-b11)
# Java VM: Java HotSpot(TM) 64-Bit Server VM (25.131-b11 mixed mode windows-amd64 compressed oops)
# Failed to write core dump. Minidumps are not enabled by default on client versions of Windows
#

---------------  T H R E A D  ---------------

Current thread (0x000000001e283800):  JavaThread "C2 CompilerThread0" daemon [_thread_in_native, id=29084, stack(0x000000001f780000,0x000000001f880000)]

Stack: [0x000000001f780000,0x000000001f880000]
[error occurred during error reporting (printing stack bounds), id 0xc0000005]

Native frames: (J=compiled Java code, j=interpreted, Vv=VM code, C=native code)


Current CompileTask:
C2:  12785 2823       4       java.io.WinNTFileSystem::normalize (231 bytes)


---------------  P R O C E S S  ---------------

Java Threads: ( => current thread )
  0x000000001e2dc000 JavaThread "Service Thread" daemon [_thread_blocked, id=29104, stack(0x000000001fb80000,0x000000001fc80000)]
  0x000000001e2d9800 JavaThread "C1 CompilerThread3" daemon [_thread_blocked, id=29100, stack(0x000000001fa80000,0x000000001fb80000)]
  0x000000001e2d9000 JavaThread "C2 CompilerThread2" daemon [_thread_in_native, id=29096, stack(0x000000001f980000,0x000000001fa80000)]
  0x000000001e28b800 JavaThread "C2 CompilerThread1" daemon [_thread_in_native, id=29088, stack(0x000000001f880000,0x000000001f980000)]
=>0x000000001e283800 JavaThread "C2 CompilerThread0" daemon [_thread_in_native, id=29084, stack(0x000000001f780000,0x000000001f880000)]
  0x000000001e27f000 JavaThread "Attach Listener" daemon [_thread_blocked, id=29076, stack(0x000000001f680000,0x000000001f780000)]
  0x000000001e22b800 JavaThread "Signal Dispatcher" daemon [_thread_blocked, id=29072, stack(0x000000001f580000,0x000000001f680000)]
  0x000000001e213000 JavaThread "Finalizer" daemon [_thread_blocked, id=29016, stack(0x000000001f480000,0x000000001f580000)]
  0x000000001cb3c800 JavaThread "Reference Handler" daemon [_thread_blocked, id=29012, stack(0x000000001f380000,0x000000001f480000)]
  0x00000000028de800 JavaThread "main" [_thread_in_native, id=28964, stack(0x0000000002ce0000,0x0000000002de0000)]

Other Threads:
  0x000000001cb35800 VMThread [stack: 0x000000001f280000,0x000000001f380000] [id=29008]
  0x000000001e347800 WatcherThread [stack: 0x000000001fc80000,0x000000001fd80000] [id=29108]

VM state:not at safepoint (normal execution)

VM Mutex/Monitor currently owned by a thread: None

Heap:
 PSYoungGen      total 76288K, used 31758K [0x000000076b180000, 0x0000000774680000, 0x00000007c0000000)
  eden space 65536K, 32% used [0x000000076b180000,0x000000076c609d90,0x000000076f180000)
  from space 10752K, 99% used [0x000000076fc00000,0x0000000770679e38,0x0000000770680000)
  to   space 10752K, 0% used [0x000000076f180000,0x000000076f180000,0x000000076fc00000)
 ParOldGen       total 175104K, used 474K [0x00000006c1400000, 0x00000006cbf00000, 0x000000076b180000)
  object space 175104K, 0% used [0x00000006c1400000,0x00000006c14769b0,0x00000006cbf00000)
 Metaspace       used 16280K, capacity 16628K, committed 16896K, reserved 1064960K
  class space    used 1907K, capacity 1981K, committed 2048K, reserved 1048576K

Card table byte_map: [0x00000000122a0000,0x0000000012aa0000] byte_map_base: 0x000000000ec96000

Marking Bits: (ParMarkBitMap*) 0x0000000060e9c720
 Begin Bits: [0x00000000139f0000, 0x00000000179a0000)
 End Bits:   [0x00000000179a0000, 0x000000001b950000)

Polling page: 0x0000000000fe0000

CodeCache: size=245760Kb used=9894Kb max_used=9896Kb free=235865Kb
 bounds [0x0000000002ee0000, 0x00000000038a0000, 0x0000000011ee0000]
 total_blobs=3202 nmethods=2826 adapters=288
 compilation: enabled

Compilation events (10 events):
Event: 12.701 Thread 0x000000001e2d9800 2819       1       org.eclipse.aether.DefaultRepositorySystemSession::getSystemProperties (5 bytes)
Event: 12.701 Thread 0x000000001e2d9800 nmethod 2819 0x000000000386ce90 code [0x000000000386cfe0, 0x000000000386d0f0]
Event: 12.702 Thread 0x000000001e283800 2820   !   4       java.util.WeakHashMap::expungeStaleEntries (139 bytes)
Event: 12.705 Thread 0x000000001e2d9000 nmethod 2812 0x000000000388f650 code [0x000000000388f8a0, 0x0000000003890de0]
Event: 12.710 Thread 0x000000001e283800 nmethod 2820 0x0000000003888950 code [0x0000000003888ac0, 0x00000000038893f8]
Event: 12.732 Thread 0x000000001e2d9000 2821   !   4       java.nio.charset.CharsetDecoder::decode (287 bytes)
Event: 12.733 Thread 0x000000001e2d9800 2822   !   3       org.apache.maven.model.Scm::clone (73 bytes)
Event: 12.734 Thread 0x000000001e2d9800 nmethod 2822 0x0000000003889f10 code [0x000000000388a160, 0x000000000388b158]
Event: 12.746 Thread 0x000000001e2d9000 nmethod 2821 0x0000000003894350 code [0x00000000038945e0, 0x0000000003894ee8]
Event: 12.747 Thread 0x000000001e283800 2823       4       java.io.WinNTFileSystem::normalize (231 bytes)

GC Heap History (4 events):
Event: 7.744 GC heap before
{Heap before GC invocations=1 (full 0):
 PSYoungGen      total 76288K, used 65536K [0x000000076b180000, 0x0000000770680000, 0x00000007c0000000)
  eden space 65536K, 100% used [0x000000076b180000,0x000000076f180000,0x000000076f180000)
  from space 10752K, 0% used [0x000000076fc00000,0x000000076fc00000,0x0000000770680000)
  to   space 10752K, 0% used [0x000000076f180000,0x000000076f180000,0x000000076fc00000)
 ParOldGen       total 175104K, used 0K [0x00000006c1400000, 0x00000006cbf00000, 0x000000076b180000)
  object space 175104K, 0% used [0x00000006c1400000,0x00000006c1400000,0x00000006cbf00000)
 Metaspace       used 12214K, capacity 12372K, committed 12672K, reserved 1060864K
  class space    used 1506K, capacity 1607K, committed 1664K, reserved 1048576K
Event: 7.783 GC heap after
Heap after GC invocations=1 (full 0):
 PSYoungGen      total 76288K, used 10678K [0x000000076b180000, 0x0000000770680000, 0x00000007c0000000)
  eden space 65536K, 0% used [0x000000076b180000,0x000000076b180000,0x000000076f180000)
  from space 10752K, 99% used [0x000000076f180000,0x000000076fbed8e0,0x000000076fc00000)
  to   space 10752K, 0% used [0x000000076fc00000,0x000000076fc00000,0x0000000770680000)
 ParOldGen       total 175104K, used 16K [0x00000006c1400000, 0x00000006cbf00000, 0x000000076b180000)
  object space 175104K, 0% used [0x00000006c1400000,0x00000006c1404000,0x00000006cbf00000)
 Metaspace       used 12214K, capacity 12372K, committed 12672K, reserved 1060864K
  class space    used 1506K, capacity 1607K, committed 1664K, reserved 1048576K
}
Event: 12.063 GC heap before
{Heap before GC invocations=2 (full 0):
 PSYoungGen      total 76288K, used 76214K [0x000000076b180000, 0x0000000770680000, 0x00000007c0000000)
  eden space 65536K, 100% used [0x000000076b180000,0x000000076f180000,0x000000076f180000)
  from space 10752K, 99% used [0x000000076f180000,0x000000076fbed8e0,0x000000076fc00000)
  to   space 10752K, 0% used [0x000000076fc00000,0x000000076fc00000,0x0000000770680000)
 ParOldGen       total 175104K, used 16K [0x00000006c1400000, 0x00000006cbf00000, 0x000000076b180000)
  object space 175104K, 0% used [0x00000006c1400000,0x00000006c1404000,0x00000006cbf00000)
 Metaspace       used 16098K, capacity 16362K, committed 16640K, reserved 1064960K
  class space    used 1906K, capacity 1980K, committed 2048K, reserved 1048576K
Event: 12.183 GC heap after
Heap after GC invocations=2 (full 0):
 PSYoungGen      total 76288K, used 10727K [0x000000076b180000, 0x0000000774680000, 0x00000007c0000000)
  eden space 65536K, 0% used [0x000000076b180000,0x000000076b180000,0x000000076f180000)
  from space 10752K, 99% used [0x000000076fc00000,0x0000000770679e38,0x0000000770680000)
  to   space 10752K, 0% used [0x000000076f180000,0x000000076f180000,0x000000076fc00000)
 ParOldGen       total 175104K, used 474K [0x00000006c1400000, 0x00000006cbf00000, 0x000000076b180000)
  object space 175104K, 0% used [0x00000006c1400000,0x00000006c14769b0,0x00000006cbf00000)
 Metaspace       used 16098K, capacity 16362K, committed 16640K, reserved 1064960K
  class space    used 1906K, capacity 1980K, committed 2048K, reserved 1048576K
}

Deoptimization events (10 events):
Event: 10.670 Thread 0x00000000028de800 Uncommon trap: reason=unstable_if action=reinterpret pc=0x00000000036e4d74 method=java.util.regex.Matcher.search(I)Z @ 30
Event: 10.670 Thread 0x00000000028de800 Uncommon trap: reason=class_check action=maybe_recompile pc=0x0000000003499fec method=java.util.regex.Pattern$7.isSatisfiedBy(I)Z @ 16
Event: 10.670 Thread 0x00000000028de800 Uncommon trap: reason=class_check action=maybe_recompile pc=0x0000000003499fec method=java.util.regex.Pattern$7.isSatisfiedBy(I)Z @ 16
Event: 10.670 Thread 0x00000000028de800 Uncommon trap: reason=class_check action=maybe_recompile pc=0x0000000003499fec method=java.util.regex.Pattern$7.isSatisfiedBy(I)Z @ 16
Event: 10.670 Thread 0x00000000028de800 Uncommon trap: reason=class_check action=maybe_recompile pc=0x0000000003499fec method=java.util.regex.Pattern$7.isSatisfiedBy(I)Z @ 16
Event: 11.088 Thread 0x00000000028de800 Uncommon trap: reason=unstable_if action=reinterpret pc=0x000000000370023c method=org.apache.maven.model.io.xpp3.MavenXpp3Reader.nextTag(Lorg/codehaus/plexus/util/xml/pull/XmlPullParser;)I @ 9
Event: 11.509 Thread 0x00000000028de800 Uncommon trap: reason=unstable_if action=reinterpret pc=0x00000000036f23c8 method=org.codehaus.plexus.util.xml.pull.MXParser.parseAttribute()C @ 1002
Event: 12.335 Thread 0x00000000028de800 Uncommon trap: reason=null_check action=make_not_entrant pc=0x000000000380421c method=org.apache.maven.model.validation.DefaultModelValidator.validateEffectiveDependency(Lorg/apache/maven/model/building/ModelProblemCollector;Lorg/apache/maven/model/Depend
Event: 12.474 Thread 0x00000000028de800 Uncommon trap: reason=unstable_if action=reinterpret pc=0x0000000003563c5c method=java.util.LinkedHashMap.afterNodeInsertion(Z)V @ 18
Event: 12.502 Thread 0x00000000028de800 Uncommon trap: reason=predicate action=maybe_recompile pc=0x00000000031c4b10 method=java.nio.charset.CharsetDecoder.decode(Ljava/nio/ByteBuffer;Ljava/nio/CharBuffer;Z)Ljava/nio/charset/CoderResult; @ 54

Internal exceptions (10 events):
Event: 8.450 Thread 0x00000000028de800 Exception <a 'java/lang/NullPointerException'> (0x000000076c2e3a00) thrown at [C:\re\workspace\8-2-build-windows-amd64-cygwin\jdk8u131\8869\hotspot\src\share\vm\interpreter\linkResolver.cpp, line 1197]
Event: 8.450 Thread 0x00000000028de800 Exception <a 'java/lang/NullPointerException'> (0x000000076c2e3c18) thrown at [C:\re\workspace\8-2-build-windows-amd64-cygwin\jdk8u131\8869\hotspot\src\share\vm\interpreter\linkResolver.cpp, line 1197]
Event: 8.451 Thread 0x00000000028de800 Exception <a 'java/lang/NullPointerException'> (0x000000076c2eb1b8) thrown at [C:\re\workspace\8-2-build-windows-amd64-cygwin\jdk8u131\8869\hotspot\src\share\vm\interpreter\linkResolver.cpp, line 1197]
Event: 8.451 Thread 0x00000000028de800 Exception <a 'java/lang/NullPointerException'> (0x000000076c2eb3d0) thrown at [C:\re\workspace\8-2-build-windows-amd64-cygwin\jdk8u131\8869\hotspot\src\share\vm\interpreter\linkResolver.cpp, line 1197]
Event: 8.451 Thread 0x00000000028de800 Exception <a 'java/lang/NullPointerException'> (0x000000076c2eb5e8) thrown at [C:\re\workspace\8-2-build-windows-amd64-cygwin\jdk8u131\8869\hotspot\src\share\vm\interpreter\linkResolver.cpp, line 1197]
Event: 8.631 Thread 0x00000000028de800 Implicit null exception at 0x000000000316a214 to 0x000000000316a5d1
Event: 8.631 Thread 0x00000000028de800 Implicit null exception at 0x00000000030d3716 to 0x00000000030d3ac5
Event: 8.990 Thread 0x00000000028de800 Implicit null exception at 0x0000000003506867 to 0x0000000003507b85
Event: 9.891 Thread 0x00000000028de800 Implicit null exception at 0x000000000366d783 to 0x000000000366d9cd
Event: 12.335 Thread 0x00000000028de800 Implicit null exception at 0x0000000003803c28 to 0x00000000038041f9

Events (10 events):
Event: 12.475 Thread 0x00000000028de800 DEOPT UNPACKING pc=0x0000000002f2582a sp=0x0000000002ddc1a8 mode 2
Event: 12.502 loading class sun/nio/cs/ISO_8859_1$Decoder
Event: 12.502 loading class sun/nio/cs/ISO_8859_1$Decoder done
Event: 12.502 Thread 0x00000000028de800 Uncommon trap: trap_request=0xffffff86 fr.pc=0x00000000031c4b10
Event: 12.502 Thread 0x00000000028de800 DEOPT PACKING pc=0x00000000031c4b10 sp=0x0000000002ddcae0
Event: 12.502 Thread 0x00000000028de800 DEOPT UNPACKING pc=0x0000000002f2582a sp=0x0000000002ddca88 mode 2
Event: 12.666 Thread 0x00000000028de800 DEOPT PACKING pc=0x00000000035b80e7 sp=0x0000000002ddcd90
Event: 12.666 Thread 0x00000000028de800 DEOPT UNPACKING pc=0x0000000002f2787f sp=0x0000000002ddcab0 mode 0
Event: 12.747 Thread 0x00000000028de800 DEOPT PACKING pc=0x0000000003021f5c sp=0x0000000002ddcf10
Event: 12.747 Thread 0x00000000028de800 DEOPT UNPACKING pc=0x0000000002f2787f sp=0x0000000002ddcd88 mode 0


Dynamic libraries:
0x00007ff682060000 - 0x00007ff682097000 	D:\Java\jdk\bin\java.exe
0x00007fffef150000 - 0x00007fffef345000 	C:\WINDOWS\SYSTEM32\ntdll.dll
0x00007fffed370000 - 0x00007fffed42d000 	C:\WINDOWS\System32\KERNEL32.DLL
0x00007fffece30000 - 0x00007fffed0f8000 	C:\WINDOWS\System32\KERNELBASE.dll
0x00007fffeea00000 - 0x00007fffeeaac000 	C:\WINDOWS\System32\ADVAPI32.dll
0x00007fffed5c0000 - 0x00007fffed65e000 	C:\WINDOWS\System32\msvcrt.dll
0x00007fffedea0000 - 0x00007fffedf3b000 	C:\WINDOWS\System32\sechost.dll
0x00007fffed660000 - 0x00007fffed78b000 	C:\WINDOWS\System32\RPCRT4.dll
0x00007fffedd00000 - 0x00007fffedea0000 	C:\WINDOWS\System32\USER32.dll
0x00007fffece00000 - 0x00007fffece22000 	C:\WINDOWS\System32\win32u.dll
0x00007fffed1b0000 - 0x00007fffed1da000 	C:\WINDOWS\System32\GDI32.dll
0x00007fffecb70000 - 0x00007fffecc7b000 	C:\WINDOWS\System32\gdi32full.dll
0x00007fffecc80000 - 0x00007fffecd1d000 	C:\WINDOWS\System32\msvcp_win.dll
0x00007fffeca70000 - 0x00007fffecb70000 	C:\WINDOWS\System32\ucrtbase.dll
0x00007fffdbb30000 - 0x00007fffdbdca000 	C:\WINDOWS\WinSxS\amd64_microsoft.windows.common-controls_6595b64144ccf1df_6.0.19041.844_none_ca00b6081b84eb1d\COMCTL32.dll
0x00007fffeec50000 - 0x00007fffeec80000 	C:\WINDOWS\System32\IMM32.DLL
0x0000000061550000 - 0x0000000061622000 	D:\Java\jdk\jre\bin\msvcr100.dll
0x0000000060680000 - 0x0000000060f1c000 	D:\Java\jdk\jre\bin\server\jvm.dll
0x00007fffeec80000 - 0x00007fffeec88000 	C:\WINDOWS\System32\PSAPI.DLL
0x00007fffd1ef0000 - 0x00007fffd1ef9000 	C:\WINDOWS\SYSTEM32\WSOCK32.dll
0x00007fffdff60000 - 0x00007fffdff87000 	C:\WINDOWS\SYSTEM32\WINMM.dll
0x00007fffedc00000 - 0x00007fffedc6b000 	C:\WINDOWS\System32\WS2_32.dll
0x00007fffe2d10000 - 0x00007fffe2d1a000 	C:\WINDOWS\SYSTEM32\VERSION.dll
0x0000000061540000 - 0x000000006154f000 	D:\Java\jdk\jre\bin\verify.dll
0x0000000061510000 - 0x0000000061539000 	D:\Java\jdk\jre\bin\java.dll
0x00000000614f0000 - 0x0000000061506000 	D:\Java\jdk\jre\bin\zip.dll
0x00007fffee030000 - 0x00007fffee772000 	C:\WINDOWS\System32\SHELL32.dll
0x00007fffea690000 - 0x00007fffeae21000 	C:\WINDOWS\SYSTEM32\windows.storage.dll
0x00007fffeed00000 - 0x00007fffef055000 	C:\WINDOWS\System32\combase.dll
0x00007fffec1c0000 - 0x00007fffec1ec000 	C:\WINDOWS\SYSTEM32\Wldp.dll
0x00007fffef060000 - 0x00007fffef10e000 	C:\WINDOWS\System32\SHCORE.dll
0x00007fffeeca0000 - 0x00007fffeecf5000 	C:\WINDOWS\System32\shlwapi.dll
0x00007fffec7d0000 - 0x00007fffec7ef000 	C:\WINDOWS\SYSTEM32\profapi.dll
0x00007fffec200000 - 0x00007fffec218000 	C:\WINDOWS\SYSTEM32\CRYPTSP.dll
0x00007fffeb900000 - 0x00007fffeb934000 	C:\WINDOWS\system32\rsaenh.dll
0x00007fffecd70000 - 0x00007fffecd97000 	C:\WINDOWS\System32\bcrypt.dll
0x00007fffec790000 - 0x00007fffec7be000 	C:\WINDOWS\SYSTEM32\USERENV.dll
0x00007fffec890000 - 0x00007fffec910000 	C:\WINDOWS\System32\bcryptprimitives.dll
0x00007fffec0c0000 - 0x00007fffec0cc000 	C:\WINDOWS\SYSTEM32\CRYPTBASE.dll
0x00000000614c0000 - 0x00000000614da000 	D:\java\jdk\jre\bin\net.dll
0x00007fffebf40000 - 0x00007fffebfaa000 	C:\WINDOWS\system32\mswsock.dll
0x00007fffebc50000 - 0x00007fffebc8b000 	C:\WINDOWS\SYSTEM32\IPHLPAPI.DLL
0x00007fffedf40000 - 0x00007fffedf48000 	C:\WINDOWS\System32\NSI.dll
0x00007fffe2230000 - 0x00007fffe2247000 	C:\WINDOWS\SYSTEM32\dhcpcsvc6.DLL
0x00007fffe2210000 - 0x00007fffe222d000 	C:\WINDOWS\SYSTEM32\dhcpcsvc.DLL
0x00007fffebc90000 - 0x00007fffebd5c000 	C:\WINDOWS\SYSTEM32\DNSAPI.dll
0x00000000614a0000 - 0x00000000614b1000 	D:\java\jdk\jre\bin\nio.dll
0x00007fffc4880000 - 0x00007fffc488a000 	C:\Users\Lenovo\AppData\Local\Temp\jansi-1.17.1-9170621477399775648.dll
0x00007fffe4fa0000 - 0x00007fffe4faa000 	C:\Users\Lenovo\AppData\Local\Temp\jansi-1.17.1-8513135379843253371.dll

VM Arguments:
jvm_args: -Dmaven.multiModuleProjectDirectory=E:\Spring_x\wt -Dmaven.home=D:\apache-maven-3.6.3-bin\apache-maven-3.6.3 -Dclassworlds.conf=D:\apache-maven-3.6.3-bin\apache-maven-3.6.3\bin\m2.conf -Dmaven.ext.class.path=D:\IntelliJ IDEA 2020.1\plugins\maven\lib\maven-event-listener.jar -Dfile.encoding=UTF-8 
java_command: org.codehaus.classworlds.Launcher -Didea.version2020.1 -s D:\apache-maven-3.6.3-bin\apache-maven-3.6.3\conf\settings.xml -Dmaven.repo.local=D:\apache-maven-3.6.3-bin\.m2\repository install --non-recursive
java_class_path (initial): D:\apache-maven-3.6.3-bin\apache-maven-3.6.3\boot\plexus-classworlds-2.6.0.jar;D:\apache-maven-3.6.3-bin\apache-maven-3.6.3\boot\plexus-classworlds.license
Launcher Type: SUN_STANDARD

Environment Variables:
JAVA_HOME=D:\java\jdk1.8.0_131
CLASSPATH=.;D:\java\jdk1.8.0_131\lib\dt.jar;D:\java\jdk1.8.0_131\lib\tools.jar;
PATH=D:\java\jdk1.8.0_131\bin;C:\Program Files\Google\Chrome\Application;C:\Users\Lenovo\miniconda3\Lib\site-packages\django\bin;D:\python3.8.1_2019.12\Scripts;D:\java\jdk\bin;C:\Program Files (x86)\dotnet\;D:\java\jdk1.8.0_131\bin;D:\java\jdk1.8.0_131\jre\bin;C:\Program Files\Microsoft MPI\Bin\;C:\ProgramData\Oracle\Java\javapath;D:\cmder;D:\touping\platform-tools;D:\touping\scrcpy-win64-v1.10;D:\python3.8.1_2019.12;D:\apache-maven-3.6.3-bin\apache-maven-3.6.3\bin;C:\Program Files\MySQL\MySQL Server 5.7\bin;C:\Windows\system32;C:\Windows;C:\Program Files\MySQL\MySQL Server 8.0\bin;D:\Go\bin;D:\Anaconda3\Scripts;C:\Windows\System32\Wbem;C:\Windows\System32\WindowsPowerShell\v1.0\;C:\Windows\System32\OpenSSH\;C:\Program Files (x86)\NVIDIA Corporation\PhysX\Common;C:\Program Files\NVIDIA Corporation\NVIDIA NvDLISR;C:\WINDOWS\system32;C:\WINDOWS;C:\WINDOWS\System32\Wbem;C:\WINDOWS\System32\WindowsPowerShell\v1.0\;C:\WINDOWS\System32\OpenSSH\;D:\apache-maven-3.6.3-bin\hadoop-2.7.2\hadoop-2.7.2\bin;D:\SQL\Program Files (x86)\Microsoft SQL Server\130\Tools\Binn\;D:\SQL\Program Files\Microsoft SQL Server\130\Tools\Binn\;D:\SQL\Program Files\Microsoft SQL Server\130\DTS\Binn\;D:\SQL\Program Files\Microsoft SQL Server\Client SDK\ODBC\130\Tools\Binn\;D:\scala\bin;D:\scala\bin\bin;D:\scala\spark-2.0.0-bin-hadoop2.7\spark-2.0.0-bin-hadoop2\spark-2.0.0-bin-hadoop2.7\bin;D:\scala\spark-2.0.0-bin-hadoop2.7\spark-2.0.0-bin-hadoop2\spark-2.0.0-bin-hadoop2.7\sbin;D:\Anaconda3;D:\Anaconda3\Library\bin;C:\Program Files (x86)\ZeroTier\One\;D:\chromedriver_win32;D:\java\jdk-14.0.1\bin;E:\nodejs\;E:\nodejs\node_global;C:\Users\Lenovo\AppData\Local\Microsoft\WindowsApps;;D:\WebStorm\WebStorm 2019.3.5\bin;;C:\Users\Lenovo\go\bin;E:\IntelliJ IDEA 2020.3.2\bin;;D:\PhpStorm\PhpStorm 2020.3.3\bin;;C:\Users\Lenovo\AppData\Roaming\npm
USERNAME=Lenovo
OS=Windows_NT
PROCESSOR_IDENTIFIER=Intel64 Family 6 Model 158 Stepping 10, GenuineIntel



---------------  S Y S T E M  ---------------

OS: Windows 10.0 , 64 bit Build 19041 (10.0.19041.928)

CPU:total 12 (initial active 12) (6 cores per cpu, 2 threads per core) family 6 model 158 stepping 10, cmov, cx8, fxsr, mmx, sse, sse2, sse3, ssse3, sse4.1, sse4.2, popcnt, avx, avx2, aes, clmul, erms, 3dnowpref, lzcnt, ht, tsc, tscinvbit, bmi1, bmi2, adx

Memory: 4k page, physical 16694516k(2637176k free), swap 29801712k(5332k free)

vm_info: Java HotSpot(TM) 64-Bit Server VM (25.131-b11) for windows-amd64 JRE (1.8.0_131-b11), built on Mar 15 2017 01:23:53 by "java_re" with MS VC++ 10.0 (VS2010)

time: Sun Jul 04 23:46:07 2021
elapsed time: 12 seconds (0d 0h 0m 12s)

