#
# There is insufficient memory for the Java Runtime Environment to continue.
# Native memory allocation (malloc) failed to allocate 1529776 bytes for Chunk::new
# Possible reasons:
#   The system is out of physical RAM or swap space
#   In 32 bit mode, the process size limit was hit
# Possible solutions:
#   Reduce memory load on the system
#   Increase physical memory or swap space
#   Check if swap backing store is full
#   Use 64 bit Java on a 64 bit OS
#   Decrease Java heap size (-Xmx/-Xms)
#   Decrease number of Java threads
#   Decrease Java thread stack sizes (-Xss)
#   Set larger code cache with -XX:ReservedCodeCacheSize=
# This output file may be truncated or incomplete.
#
#  Out of Memory Error (allocation.cpp:390), pid=26988, tid=0x0000000000007024
#
# JRE version: Java(TM) SE Runtime Environment (8.0_131-b11) (build 1.8.0_131-b11)
# Java VM: Java HotSpot(TM) 64-Bit Server VM (25.131-b11 mixed mode windows-amd64 compressed oops)
# Failed to write core dump. Minidumps are not enabled by default on client versions of Windows
#

---------------  T H R E A D  ---------------

Current thread (0x000000001e2ae800):  JavaThread "C2 CompilerThread1" daemon [_thread_in_native, id=28708, stack(0x000000001f900000,0x000000001fa00000)]

Stack: [0x000000001f900000,0x000000001fa00000]
[error occurred during error reporting (printing stack bounds), id 0xc0000005]

Native frames: (J=compiled Java code, j=interpreted, Vv=VM code, C=native code)


Current CompileTask:
C2:  13111 2679   !   4       org.codehaus.plexus.interpolation.StringSearchInterpolator::interpolate (650 bytes)


---------------  P R O C E S S  ---------------

Java Threads: ( => current thread )
  0x000000001e2bf800 JavaThread "Service Thread" daemon [_thread_blocked, id=28724, stack(0x000000001fc00000,0x000000001fd00000)]
  0x000000001e2b2000 JavaThread "C1 CompilerThread3" daemon [_thread_blocked, id=28716, stack(0x000000001fb00000,0x000000001fc00000)]
  0x000000001e2b1000 JavaThread "C2 CompilerThread2" daemon [_thread_in_native, id=28712, stack(0x000000001fa00000,0x000000001fb00000)]
=>0x000000001e2ae800 JavaThread "C2 CompilerThread1" daemon [_thread_in_native, id=28708, stack(0x000000001f900000,0x000000001fa00000)]
  0x000000001e24c800 JavaThread "C2 CompilerThread0" daemon [_thread_blocked, id=28704, stack(0x000000001f800000,0x000000001f900000)]
  0x000000001e24a000 JavaThread "Attach Listener" daemon [_thread_blocked, id=28700, stack(0x000000001f700000,0x000000001f800000)]
  0x000000001e249800 JavaThread "Signal Dispatcher" daemon [_thread_blocked, id=28696, stack(0x000000001f600000,0x000000001f700000)]
  0x000000001e233000 JavaThread "Finalizer" daemon [_thread_blocked, id=28684, stack(0x000000001f4a0000,0x000000001f5a0000)]
  0x000000001cb5d000 JavaThread "Reference Handler" daemon [_thread_blocked, id=28680, stack(0x000000001f3a0000,0x000000001f4a0000)]
  0x0000000002cfe800 JavaThread "main" [_thread_in_native, id=28296, stack(0x0000000002d00000,0x0000000002e00000)]

Other Threads:
  0x000000001e212800 VMThread [stack: 0x000000001f2a0000,0x000000001f3a0000] [id=28676]
  0x000000001e35d000 WatcherThread [stack: 0x000000001fd00000,0x000000001fe00000] [id=28732]

VM state:not at safepoint (normal execution)

VM Mutex/Monitor currently owned by a thread: None

Heap:
 PSYoungGen      total 76288K, used 29373K [0x000000076b180000, 0x0000000770680000, 0x00000007c0000000)
  eden space 65536K, 28% used [0x000000076b180000,0x000000076c3b5d88,0x000000076f180000)
  from space 10752K, 99% used [0x000000076fc00000,0x0000000770679820,0x0000000770680000)
  to   space 10752K, 0% used [0x000000076f180000,0x000000076f180000,0x000000076fc00000)
 ParOldGen       total 175104K, used 692K [0x00000006c1400000, 0x00000006cbf00000, 0x000000076b180000)
  object space 175104K, 0% used [0x00000006c1400000,0x00000006c14ad0f8,0x00000006cbf00000)
 Metaspace       used 16259K, capacity 16620K, committed 16896K, reserved 1064960K
  class space    used 1907K, capacity 1981K, committed 2048K, reserved 1048576K

Card table byte_map: [0x00000000122c0000,0x0000000012ac0000] byte_map_base: 0x000000000ecb6000

Marking Bits: (ParMarkBitMap*) 0x0000000060e9c720
 Begin Bits: [0x0000000013a10000, 0x00000000179c0000)
 End Bits:   [0x00000000179c0000, 0x000000001b970000)

Polling page: 0x0000000002c40000

CodeCache: size=245760Kb used=9835Kb max_used=9835Kb free=235924Kb
 bounds [0x0000000002f00000, 0x00000000038b0000, 0x0000000011f00000]
 total_blobs=3178 nmethods=2802 adapters=288
 compilation: enabled

Compilation events (10 events):
Event: 13.062 Thread 0x000000001e2b2000 nmethod 2791 0x000000000389c850 code [0x000000000389cb40, 0x000000000389e2a8]
Event: 13.063 Thread 0x000000001e2b1000 nmethod 2792% 0x000000000388d650 code [0x000000000388d7e0, 0x000000000388e028]
Event: 13.065 Thread 0x000000001e24c800 2795       4       java.lang.String::replace (127 bytes)
Event: 13.065 Thread 0x000000001e2b2000 2796       3       org.apache.maven.model.inheritance.DefaultInheritanceAssembler$InheritanceModelMerger::concatPath (105 bytes)
Event: 13.065 Thread 0x000000001e2b1000 2797       4       java.lang.StringBuilder::charAt (6 bytes)
Event: 13.066 Thread 0x000000001e2b1000 nmethod 2797 0x0000000003883c90 code [0x0000000003883de0, 0x0000000003883eb8]
Event: 13.067 Thread 0x000000001e2b2000 nmethod 2796 0x00000000038a0f10 code [0x00000000038a1200, 0x00000000038a2b68]
Event: 13.067 Thread 0x000000001e2b2000 2798       3       org.eclipse.aether.artifact.AbstractArtifact::setVersion (40 bytes)
Event: 13.067 Thread 0x000000001e2b2000 nmethod 2798 0x0000000003893b90 code [0x0000000003893da0, 0x0000000003894828]
Event: 13.075 Thread 0x000000001e24c800 nmethod 2795 0x000000000389f290 code [0x000000000389f3e0, 0x000000000389f878]

GC Heap History (4 events):
Event: 7.947 GC heap before
{Heap before GC invocations=1 (full 0):
 PSYoungGen      total 76288K, used 65536K [0x000000076b180000, 0x0000000770680000, 0x00000007c0000000)
  eden space 65536K, 100% used [0x000000076b180000,0x000000076f180000,0x000000076f180000)
  from space 10752K, 0% used [0x000000076fc00000,0x000000076fc00000,0x0000000770680000)
  to   space 10752K, 0% used [0x000000076f180000,0x000000076f180000,0x000000076fc00000)
 ParOldGen       total 175104K, used 0K [0x00000006c1400000, 0x00000006cbf00000, 0x000000076b180000)
  object space 175104K, 0% used [0x00000006c1400000,0x00000006c1400000,0x00000006cbf00000)
 Metaspace       used 12323K, capacity 12492K, committed 12672K, reserved 1060864K
  class space    used 1517K, capacity 1607K, committed 1664K, reserved 1048576K
Event: 7.962 GC heap after
Heap after GC invocations=1 (full 0):
 PSYoungGen      total 76288K, used 10740K [0x000000076b180000, 0x0000000770680000, 0x00000007c0000000)
  eden space 65536K, 0% used [0x000000076b180000,0x000000076b180000,0x000000076f180000)
  from space 10752K, 99% used [0x000000076f180000,0x000000076fbfd140,0x000000076fc00000)
  to   space 10752K, 0% used [0x000000076fc00000,0x000000076fc00000,0x0000000770680000)
 ParOldGen       total 175104K, used 123K [0x00000006c1400000, 0x00000006cbf00000, 0x000000076b180000)
  object space 175104K, 0% used [0x00000006c1400000,0x00000006c141ecc8,0x00000006cbf00000)
 Metaspace       used 12323K, capacity 12492K, committed 12672K, reserved 1060864K
  class space    used 1517K, capacity 1607K, committed 1664K, reserved 1048576K
}
Event: 12.474 GC heap before
{Heap before GC invocations=2 (full 0):
 PSYoungGen      total 76288K, used 76276K [0x000000076b180000, 0x0000000770680000, 0x00000007c0000000)
  eden space 65536K, 100% used [0x000000076b180000,0x000000076f180000,0x000000076f180000)
  from space 10752K, 99% used [0x000000076f180000,0x000000076fbfd140,0x000000076fc00000)
  to   space 10752K, 0% used [0x000000076fc00000,0x000000076fc00000,0x0000000770680000)
 ParOldGen       total 175104K, used 123K [0x00000006c1400000, 0x00000006cbf00000, 0x000000076b180000)
  object space 175104K, 0% used [0x00000006c1400000,0x00000006c141ecc8,0x00000006cbf00000)
 Metaspace       used 16088K, capacity 16354K, committed 16640K, reserved 1064960K
  class space    used 1905K, capacity 1980K, committed 2048K, reserved 1048576K
Event: 12.564 GC heap after
Heap after GC invocations=2 (full 0):
 PSYoungGen      total 76288K, used 10726K [0x000000076b180000, 0x0000000770680000, 0x00000007c0000000)
  eden space 65536K, 0% used [0x000000076b180000,0x000000076b180000,0x000000076f180000)
  from space 10752K, 99% used [0x000000076fc00000,0x0000000770679820,0x0000000770680000)
  to   space 10752K, 0% used [0x000000076f180000,0x000000076f180000,0x000000076fc00000)
 ParOldGen       total 175104K, used 692K [0x00000006c1400000, 0x00000006cbf00000, 0x000000076b180000)
  object space 175104K, 0% used [0x00000006c1400000,0x00000006c14ad0f8,0x00000006cbf00000)
 Metaspace       used 16088K, capacity 16354K, committed 16640K, reserved 1064960K
  class space    used 1905K, capacity 1980K, committed 2048K, reserved 1048576K
}

Deoptimization events (10 events):
Event: 11.138 Thread 0x0000000002cfe800 Uncommon trap: reason=unstable_if action=reinterpret pc=0x00000000036cb4f4 method=java.util.regex.Matcher.search(I)Z @ 30
Event: 11.144 Thread 0x0000000002cfe800 Uncommon trap: reason=class_check action=maybe_recompile pc=0x000000000349ef2c method=java.util.regex.Pattern$7.isSatisfiedBy(I)Z @ 16
Event: 11.144 Thread 0x0000000002cfe800 Uncommon trap: reason=class_check action=maybe_recompile pc=0x000000000349ef2c method=java.util.regex.Pattern$7.isSatisfiedBy(I)Z @ 16
Event: 11.145 Thread 0x0000000002cfe800 Uncommon trap: reason=class_check action=maybe_recompile pc=0x000000000349ef2c method=java.util.regex.Pattern$7.isSatisfiedBy(I)Z @ 16
Event: 11.145 Thread 0x0000000002cfe800 Uncommon trap: reason=class_check action=maybe_recompile pc=0x000000000349ef2c method=java.util.regex.Pattern$7.isSatisfiedBy(I)Z @ 16
Event: 11.754 Thread 0x0000000002cfe800 Uncommon trap: reason=unstable_if action=reinterpret pc=0x000000000370417c method=org.apache.maven.model.io.xpp3.MavenXpp3Reader.nextTag(Lorg/codehaus/plexus/util/xml/pull/XmlPullParser;)I @ 9
Event: 11.995 Thread 0x0000000002cfe800 Uncommon trap: reason=unstable_if action=reinterpret pc=0x00000000036e5638 method=org.codehaus.plexus.util.xml.pull.MXParser.parseAttribute()C @ 1002
Event: 12.709 Thread 0x0000000002cfe800 Uncommon trap: reason=null_check action=make_not_entrant pc=0x0000000003818fa0 method=org.apache.maven.model.validation.DefaultModelValidator.validateEffectiveDependency(Lorg/apache/maven/model/building/ModelProblemCollector;Lorg/apache/maven/model/Depend
Event: 12.848 Thread 0x0000000002cfe800 Uncommon trap: reason=unstable_if action=reinterpret pc=0x0000000003537c9c method=java.util.LinkedHashMap.afterNodeInsertion(Z)V @ 18
Event: 12.885 Thread 0x0000000002cfe800 Uncommon trap: reason=predicate action=maybe_recompile pc=0x00000000031e4ad0 method=java.nio.charset.CharsetDecoder.decode(Ljava/nio/ByteBuffer;Ljava/nio/CharBuffer;Z)Ljava/nio/charset/CoderResult; @ 54

Internal exceptions (10 events):
Event: 8.597 Thread 0x0000000002cfe800 Exception <a 'java/lang/NullPointerException'> (0x000000076c17d1b8) thrown at [C:\re\workspace\8-2-build-windows-amd64-cygwin\jdk8u131\8869\hotspot\src\share\vm\interpreter\linkResolver.cpp, line 1197]
Event: 8.597 Thread 0x0000000002cfe800 Exception <a 'java/lang/NullPointerException'> (0x000000076c17d3d0) thrown at [C:\re\workspace\8-2-build-windows-amd64-cygwin\jdk8u131\8869\hotspot\src\share\vm\interpreter\linkResolver.cpp, line 1197]
Event: 8.598 Thread 0x0000000002cfe800 Exception <a 'java/lang/NullPointerException'> (0x000000076c184970) thrown at [C:\re\workspace\8-2-build-windows-amd64-cygwin\jdk8u131\8869\hotspot\src\share\vm\interpreter\linkResolver.cpp, line 1197]
Event: 8.598 Thread 0x0000000002cfe800 Exception <a 'java/lang/NullPointerException'> (0x000000076c184b88) thrown at [C:\re\workspace\8-2-build-windows-amd64-cygwin\jdk8u131\8869\hotspot\src\share\vm\interpreter\linkResolver.cpp, line 1197]
Event: 8.598 Thread 0x0000000002cfe800 Exception <a 'java/lang/NullPointerException'> (0x000000076c184da0) thrown at [C:\re\workspace\8-2-build-windows-amd64-cygwin\jdk8u131\8869\hotspot\src\share\vm\interpreter\linkResolver.cpp, line 1197]
Event: 8.648 Thread 0x0000000002cfe800 Implicit null exception at 0x000000000318f396 to 0x000000000318f745
Event: 8.648 Thread 0x0000000002cfe800 Implicit null exception at 0x00000000030ef794 to 0x00000000030efb69
Event: 8.963 Thread 0x0000000002cfe800 Implicit null exception at 0x00000000035148e7 to 0x0000000003515c09
Event: 10.098 Thread 0x0000000002cfe800 Implicit null exception at 0x0000000003673083 to 0x00000000036732cd
Event: 12.709 Thread 0x0000000002cfe800 Implicit null exception at 0x00000000038189a8 to 0x0000000003818f7d

Events (10 events):
Event: 12.848 Thread 0x0000000002cfe800 Uncommon trap: trap_request=0xffffff65 fr.pc=0x0000000003537c9c
Event: 12.848 Thread 0x0000000002cfe800 DEOPT PACKING pc=0x0000000003537c9c sp=0x0000000002dfbd40
Event: 12.848 Thread 0x0000000002cfe800 DEOPT UNPACKING pc=0x0000000002f4582a sp=0x0000000002dfbcc8 mode 2
Event: 12.885 loading class sun/nio/cs/ISO_8859_1$Decoder
Event: 12.885 loading class sun/nio/cs/ISO_8859_1$Decoder done
Event: 12.885 Thread 0x0000000002cfe800 Uncommon trap: trap_request=0xffffff86 fr.pc=0x00000000031e4ad0
Event: 12.885 Thread 0x0000000002cfe800 DEOPT PACKING pc=0x00000000031e4ad0 sp=0x0000000002dfc7c0
Event: 12.885 Thread 0x0000000002cfe800 DEOPT UNPACKING pc=0x0000000002f4582a sp=0x0000000002dfc768 mode 2
Event: 13.051 Thread 0x0000000002cfe800 DEOPT PACKING pc=0x00000000035927a7 sp=0x0000000002dfca70
Event: 13.051 Thread 0x0000000002cfe800 DEOPT UNPACKING pc=0x0000000002f4787f sp=0x0000000002dfc790 mode 0


Dynamic libraries:
0x00007ff682060000 - 0x00007ff682097000 	D:\Java\jdk\bin\java.exe
0x00007fffef150000 - 0x00007fffef345000 	C:\WINDOWS\SYSTEM32\ntdll.dll
0x00007fffed370000 - 0x00007fffed42d000 	C:\WINDOWS\System32\KERNEL32.DLL
0x00007fffece30000 - 0x00007fffed0f8000 	C:\WINDOWS\System32\KERNELBASE.dll
0x00007fffeea00000 - 0x00007fffeeaac000 	C:\WINDOWS\System32\ADVAPI32.dll
0x00007fffed5c0000 - 0x00007fffed65e000 	C:\WINDOWS\System32\msvcrt.dll
0x00007fffedea0000 - 0x00007fffedf3b000 	C:\WINDOWS\System32\sechost.dll
0x00007fffed660000 - 0x00007fffed78b000 	C:\WINDOWS\System32\RPCRT4.dll
0x00007fffedd00000 - 0x00007fffedea0000 	C:\WINDOWS\System32\USER32.dll
0x00007fffece00000 - 0x00007fffece22000 	C:\WINDOWS\System32\win32u.dll
0x00007fffed1b0000 - 0x00007fffed1da000 	C:\WINDOWS\System32\GDI32.dll
0x00007fffecb70000 - 0x00007fffecc7b000 	C:\WINDOWS\System32\gdi32full.dll
0x00007fffecc80000 - 0x00007fffecd1d000 	C:\WINDOWS\System32\msvcp_win.dll
0x00007fffeca70000 - 0x00007fffecb70000 	C:\WINDOWS\System32\ucrtbase.dll
0x00007fffdbb30000 - 0x00007fffdbdca000 	C:\WINDOWS\WinSxS\amd64_microsoft.windows.common-controls_6595b64144ccf1df_6.0.19041.844_none_ca00b6081b84eb1d\COMCTL32.dll
0x00007fffeec50000 - 0x00007fffeec80000 	C:\WINDOWS\System32\IMM32.DLL
0x0000000061550000 - 0x0000000061622000 	D:\Java\jdk\jre\bin\msvcr100.dll
0x0000000060680000 - 0x0000000060f1c000 	D:\Java\jdk\jre\bin\server\jvm.dll
0x00007fffeec80000 - 0x00007fffeec88000 	C:\WINDOWS\System32\PSAPI.DLL
0x00007fffd1ef0000 - 0x00007fffd1ef9000 	C:\WINDOWS\SYSTEM32\WSOCK32.dll
0x00007fffdff60000 - 0x00007fffdff87000 	C:\WINDOWS\SYSTEM32\WINMM.dll
0x00007fffe2d10000 - 0x00007fffe2d1a000 	C:\WINDOWS\SYSTEM32\VERSION.dll
0x00007fffedc00000 - 0x00007fffedc6b000 	C:\WINDOWS\System32\WS2_32.dll
0x0000000061540000 - 0x000000006154f000 	D:\Java\jdk\jre\bin\verify.dll
0x0000000061510000 - 0x0000000061539000 	D:\Java\jdk\jre\bin\java.dll
0x00000000614f0000 - 0x0000000061506000 	D:\Java\jdk\jre\bin\zip.dll
0x00007fffee030000 - 0x00007fffee772000 	C:\WINDOWS\System32\SHELL32.dll
0x00007fffea690000 - 0x00007fffeae21000 	C:\WINDOWS\SYSTEM32\windows.storage.dll
0x00007fffeed00000 - 0x00007fffef055000 	C:\WINDOWS\System32\combase.dll
0x00007fffec1c0000 - 0x00007fffec1ec000 	C:\WINDOWS\SYSTEM32\Wldp.dll
0x00007fffef060000 - 0x00007fffef10e000 	C:\WINDOWS\System32\SHCORE.dll
0x00007fffeeca0000 - 0x00007fffeecf5000 	C:\WINDOWS\System32\shlwapi.dll
0x00007fffec7d0000 - 0x00007fffec7ef000 	C:\WINDOWS\SYSTEM32\profapi.dll
0x00007fffec200000 - 0x00007fffec218000 	C:\WINDOWS\SYSTEM32\CRYPTSP.dll
0x00007fffeb900000 - 0x00007fffeb934000 	C:\WINDOWS\system32\rsaenh.dll
0x00007fffecd70000 - 0x00007fffecd97000 	C:\WINDOWS\System32\bcrypt.dll
0x00007fffec790000 - 0x00007fffec7be000 	C:\WINDOWS\SYSTEM32\USERENV.dll
0x00007fffec890000 - 0x00007fffec910000 	C:\WINDOWS\System32\bcryptprimitives.dll
0x00007fffec0c0000 - 0x00007fffec0cc000 	C:\WINDOWS\SYSTEM32\CRYPTBASE.dll
0x00000000614c0000 - 0x00000000614da000 	D:\java\jdk\jre\bin\net.dll
0x00007fffebf40000 - 0x00007fffebfaa000 	C:\WINDOWS\system32\mswsock.dll
0x00007fffebc50000 - 0x00007fffebc8b000 	C:\WINDOWS\SYSTEM32\IPHLPAPI.DLL
0x00007fffedf40000 - 0x00007fffedf48000 	C:\WINDOWS\System32\NSI.dll
0x00007fffe2230000 - 0x00007fffe2247000 	C:\WINDOWS\SYSTEM32\dhcpcsvc6.DLL
0x00007fffe2210000 - 0x00007fffe222d000 	C:\WINDOWS\SYSTEM32\dhcpcsvc.DLL
0x00007fffebc90000 - 0x00007fffebd5c000 	C:\WINDOWS\SYSTEM32\DNSAPI.dll
0x00000000614a0000 - 0x00000000614b1000 	D:\java\jdk\jre\bin\nio.dll
0x00007fffc8660000 - 0x00007fffc866a000 	C:\Users\Lenovo\AppData\Local\Temp\jansi-1.17.1-2682583695753896653.dll
0x00007fffe4f90000 - 0x00007fffe4f9a000 	C:\Users\Lenovo\AppData\Local\Temp\jansi-1.17.1-5547199147171773846.dll

VM Arguments:
jvm_args: -Dmaven.multiModuleProjectDirectory=E:\Spring_x\wt -Dmaven.home=D:\apache-maven-3.6.3-bin\apache-maven-3.6.3 -Dclassworlds.conf=D:\apache-maven-3.6.3-bin\apache-maven-3.6.3\bin\m2.conf -Dmaven.ext.class.path=D:\IntelliJ IDEA 2020.1\plugins\maven\lib\maven-event-listener.jar -Dfile.encoding=UTF-8 
java_command: org.codehaus.classworlds.Launcher -Didea.version2020.1 -s D:\apache-maven-3.6.3-bin\apache-maven-3.6.3\conf\settings.xml -Dmaven.repo.local=D:\apache-maven-3.6.3-bin\.m2\repository install --non-recursive
java_class_path (initial): D:\apache-maven-3.6.3-bin\apache-maven-3.6.3\boot\plexus-classworlds-2.6.0.jar;D:\apache-maven-3.6.3-bin\apache-maven-3.6.3\boot\plexus-classworlds.license
Launcher Type: SUN_STANDARD

Environment Variables:
JAVA_HOME=D:\java\jdk1.8.0_131
CLASSPATH=.;D:\java\jdk1.8.0_131\lib\dt.jar;D:\java\jdk1.8.0_131\lib\tools.jar;
PATH=D:\java\jdk1.8.0_131\bin;C:\Program Files\Google\Chrome\Application;C:\Users\Lenovo\miniconda3\Lib\site-packages\django\bin;D:\python3.8.1_2019.12\Scripts;D:\java\jdk\bin;C:\Program Files (x86)\dotnet\;D:\java\jdk1.8.0_131\bin;D:\java\jdk1.8.0_131\jre\bin;C:\Program Files\Microsoft MPI\Bin\;C:\ProgramData\Oracle\Java\javapath;D:\cmder;D:\touping\platform-tools;D:\touping\scrcpy-win64-v1.10;D:\python3.8.1_2019.12;D:\apache-maven-3.6.3-bin\apache-maven-3.6.3\bin;C:\Program Files\MySQL\MySQL Server 5.7\bin;C:\Windows\system32;C:\Windows;C:\Program Files\MySQL\MySQL Server 8.0\bin;D:\Go\bin;D:\Anaconda3\Scripts;C:\Windows\System32\Wbem;C:\Windows\System32\WindowsPowerShell\v1.0\;C:\Windows\System32\OpenSSH\;C:\Program Files (x86)\NVIDIA Corporation\PhysX\Common;C:\Program Files\NVIDIA Corporation\NVIDIA NvDLISR;C:\WINDOWS\system32;C:\WINDOWS;C:\WINDOWS\System32\Wbem;C:\WINDOWS\System32\WindowsPowerShell\v1.0\;C:\WINDOWS\System32\OpenSSH\;D:\apache-maven-3.6.3-bin\hadoop-2.7.2\hadoop-2.7.2\bin;D:\SQL\Program Files (x86)\Microsoft SQL Server\130\Tools\Binn\;D:\SQL\Program Files\Microsoft SQL Server\130\Tools\Binn\;D:\SQL\Program Files\Microsoft SQL Server\130\DTS\Binn\;D:\SQL\Program Files\Microsoft SQL Server\Client SDK\ODBC\130\Tools\Binn\;D:\scala\bin;D:\scala\bin\bin;D:\scala\spark-2.0.0-bin-hadoop2.7\spark-2.0.0-bin-hadoop2\spark-2.0.0-bin-hadoop2.7\bin;D:\scala\spark-2.0.0-bin-hadoop2.7\spark-2.0.0-bin-hadoop2\spark-2.0.0-bin-hadoop2.7\sbin;D:\Anaconda3;D:\Anaconda3\Library\bin;C:\Program Files (x86)\ZeroTier\One\;D:\chromedriver_win32;D:\java\jdk-14.0.1\bin;E:\nodejs\;E:\nodejs\node_global;C:\Users\Lenovo\AppData\Local\Microsoft\WindowsApps;;D:\WebStorm\WebStorm 2019.3.5\bin;;C:\Users\Lenovo\go\bin;E:\IntelliJ IDEA 2020.3.2\bin;;D:\PhpStorm\PhpStorm 2020.3.3\bin;;C:\Users\Lenovo\AppData\Roaming\npm
USERNAME=Lenovo
OS=Windows_NT
PROCESSOR_IDENTIFIER=Intel64 Family 6 Model 158 Stepping 10, GenuineIntel



---------------  S Y S T E M  ---------------

OS: Windows 10.0 , 64 bit Build 19041 (10.0.19041.928)

CPU:total 12 (initial active 12) (6 cores per cpu, 2 threads per core) family 6 model 158 stepping 10, cmov, cx8, fxsr, mmx, sse, sse2, sse3, ssse3, sse4.1, sse4.2, popcnt, avx, avx2, aes, clmul, erms, 3dnowpref, lzcnt, ht, tsc, tscinvbit, bmi1, bmi2, adx

Memory: 4k page, physical 16694516k(2637172k free), swap 29801712k(5332k free)

vm_info: Java HotSpot(TM) 64-Bit Server VM (25.131-b11) for windows-amd64 JRE (1.8.0_131-b11), built on Mar 15 2017 01:23:53 by "java_re" with MS VC++ 10.0 (VS2010)

time: Sun Jul 04 23:46:07 2021
elapsed time: 13 seconds (0d 0h 0m 13s)

