#
# There is insufficient memory for the Java Runtime Environment to continue.
# Native memory allocation (malloc) failed to allocate 1039216 bytes for Chunk::new
# Possible reasons:
#   The system is out of physical RAM or swap space
#   In 32 bit mode, the process size limit was hit
# Possible solutions:
#   Reduce memory load on the system
#   Increase physical memory or swap space
#   Check if swap backing store is full
#   Use 64 bit Java on a 64 bit OS
#   Decrease Java heap size (-Xmx/-Xms)
#   Decrease number of Java threads
#   Decrease Java thread stack sizes (-Xss)
#   Set larger code cache with -XX:ReservedCodeCacheSize=
# This output file may be truncated or incomplete.
#
#  Out of Memory Error (allocation.cpp:390), pid=29024, tid=0x000000000000725c
#
# JRE version: Java(TM) SE Runtime Environment (8.0_131-b11) (build 1.8.0_131-b11)
# Java VM: Java HotSpot(TM) 64-Bit Server VM (25.131-b11 mixed mode windows-amd64 compressed oops)
# Failed to write core dump. Minidumps are not enabled by default on client versions of Windows
#

---------------  T H R E A D  ---------------

Current thread (0x000000001e876800):  JavaThread "C2 CompilerThread0" daemon [_thread_in_native, id=29276, stack(0x000000001fdd0000,0x000000001fed0000)]

Stack: [0x000000001fdd0000,0x000000001fed0000]
[error occurred during error reporting (printing stack bounds), id 0xc0000005]

Native frames: (J=compiled Java code, j=interpreted, Vv=VM code, C=native code)


Current CompileTask:
C2:  12589 2698   !   4       org.codehaus.plexus.interpolation.StringSearchInterpolator::interpolate (650 bytes)


---------------  P R O C E S S  ---------------

Java Threads: ( => current thread )
  0x000000001e8ff800 JavaThread "Service Thread" daemon [_thread_blocked, id=29292, stack(0x00000000201d0000,0x00000000202d0000)]
  0x000000001e882800 JavaThread "C1 CompilerThread3" daemon [_thread_blocked, id=29288, stack(0x00000000200d0000,0x00000000201d0000)]
  0x000000001e881800 JavaThread "C2 CompilerThread2" daemon [_thread_blocked, id=29284, stack(0x000000001ffd0000,0x00000000200d0000)]
  0x000000001e87b800 JavaThread "C2 CompilerThread1" daemon [_thread_blocked, id=29280, stack(0x000000001fed0000,0x000000001ffd0000)]
=>0x000000001e876800 JavaThread "C2 CompilerThread0" daemon [_thread_in_native, id=29276, stack(0x000000001fdd0000,0x000000001fed0000)]
  0x000000001e86f000 JavaThread "Attach Listener" daemon [_thread_blocked, id=29272, stack(0x000000001fcd0000,0x000000001fdd0000)]
  0x000000001e81b800 JavaThread "Signal Dispatcher" daemon [_thread_blocked, id=29268, stack(0x000000001fbd0000,0x000000001fcd0000)]
  0x000000001e803000 JavaThread "Finalizer" daemon [_thread_blocked, id=29200, stack(0x000000001fa70000,0x000000001fb70000)]
  0x000000001d13c800 JavaThread "Reference Handler" daemon [_thread_blocked, id=29196, stack(0x000000001f970000,0x000000001fa70000)]
  0x00000000032de800 JavaThread "main" [_thread_in_native, id=29136, stack(0x00000000032e0000,0x00000000033e0000)]

Other Threads:
  0x000000001d135800 VMThread [stack: 0x000000001f870000,0x000000001f970000] [id=29192]
  0x000000001e963800 WatcherThread [stack: 0x00000000202d0000,0x00000000203d0000] [id=29336]

VM state:not at safepoint (normal execution)

VM Mutex/Monitor currently owned by a thread: None

Heap:
 PSYoungGen      total 76288K, used 23987K [0x000000076b180000, 0x0000000770680000, 0x00000007c0000000)
  eden space 65536K, 20% used [0x000000076b180000,0x000000076be706b0,0x000000076f180000)
  from space 10752K, 99% used [0x000000076fc00000,0x000000077067c740,0x0000000770680000)
  to   space 10752K, 0% used [0x000000076f180000,0x000000076f180000,0x000000076fc00000)
 ParOldGen       total 175104K, used 449K [0x00000006c1400000, 0x00000006cbf00000, 0x000000076b180000)
  object space 175104K, 0% used [0x00000006c1400000,0x00000006c1470518,0x00000006cbf00000)
 Metaspace       used 16160K, capacity 16494K, committed 16640K, reserved 1064960K
  class space    used 1905K, capacity 1980K, committed 2048K, reserved 1048576K

Card table byte_map: [0x00000000128a0000,0x00000000130a0000] byte_map_base: 0x000000000f296000

Marking Bits: (ParMarkBitMap*) 0x0000000060e9c720
 Begin Bits: [0x0000000013ff0000, 0x0000000017fa0000)
 End Bits:   [0x0000000017fa0000, 0x000000001bf50000)

Polling page: 0x00000000016e0000

CodeCache: size=245760Kb used=9426Kb max_used=9438Kb free=236333Kb
 bounds [0x00000000034e0000, 0x0000000003e30000, 0x00000000124e0000]
 total_blobs=3138 nmethods=2762 adapters=288
 compilation: enabled

Compilation events (10 events):
Event: 12.418 Thread 0x000000001e882800 2760       3       org.eclipse.aether.util.ConfigUtils::getBoolean (74 bytes)
Event: 12.419 Thread 0x000000001e881800 nmethod 2753 0x0000000003e1a610 code [0x0000000003e1a7a0, 0x0000000003e1b038]
Event: 12.419 Thread 0x000000001e882800 nmethod 2760 0x0000000003e1be10 code [0x0000000003e1bfe0, 0x0000000003e1c958]
Event: 12.419 Thread 0x000000001e882800 2761       3       org.eclipse.aether.util.ConfigUtils::getBoolean (12 bytes)
Event: 12.419 Thread 0x000000001e882800 nmethod 2761 0x0000000003e1b9d0 code [0x0000000003e1bb40, 0x0000000003e1bd08]
Event: 12.419 Thread 0x000000001e882800 2762       3       org.eclipse.aether.resolution.VersionRequest::<init> (36 bytes)
Event: 12.419 Thread 0x000000001e882800 nmethod 2762 0x0000000003e1ea90 code [0x0000000003e1ec20, 0x0000000003e1f290]
Event: 12.420 Thread 0x000000001e882800 2763       3       org.eclipse.aether.resolution.VersionRequest::setArtifact (7 bytes)
Event: 12.420 Thread 0x000000001e882800 nmethod 2763 0x0000000003e1e750 code [0x0000000003e1e8a0, 0x0000000003e1ea10]
Event: 12.423 Thread 0x000000001e87b800 nmethod 2759 0x0000000003e1de90 code [0x0000000003e1e000, 0x0000000003e1e378]

GC Heap History (4 events):
Event: 7.933 GC heap before
{Heap before GC invocations=1 (full 0):
 PSYoungGen      total 76288K, used 65536K [0x000000076b180000, 0x0000000770680000, 0x00000007c0000000)
  eden space 65536K, 100% used [0x000000076b180000,0x000000076f180000,0x000000076f180000)
  from space 10752K, 0% used [0x000000076fc00000,0x000000076fc00000,0x0000000770680000)
  to   space 10752K, 0% used [0x000000076f180000,0x000000076f180000,0x000000076fc00000)
 ParOldGen       total 175104K, used 0K [0x00000006c1400000, 0x00000006cbf00000, 0x000000076b180000)
  object space 175104K, 0% used [0x00000006c1400000,0x00000006c1400000,0x00000006cbf00000)
 Metaspace       used 12370K, capacity 12500K, committed 12672K, reserved 1060864K
  class space    used 1523K, capacity 1607K, committed 1664K, reserved 1048576K
Event: 8.012 GC heap after
Heap after GC invocations=1 (full 0):
 PSYoungGen      total 76288K, used 10750K [0x000000076b180000, 0x0000000770680000, 0x00000007c0000000)
  eden space 65536K, 0% used [0x000000076b180000,0x000000076b180000,0x000000076f180000)
  from space 10752K, 99% used [0x000000076f180000,0x000000076fbffa50,0x000000076fc00000)
  to   space 10752K, 0% used [0x000000076fc00000,0x000000076fc00000,0x0000000770680000)
 ParOldGen       total 175104K, used 92K [0x00000006c1400000, 0x00000006cbf00000, 0x000000076b180000)
  object space 175104K, 0% used [0x00000006c1400000,0x00000006c1417208,0x00000006cbf00000)
 Metaspace       used 12370K, capacity 12500K, committed 12672K, reserved 1060864K
  class space    used 1523K, capacity 1607K, committed 1664K, reserved 1048576K
}
Event: 11.951 GC heap before
{Heap before GC invocations=2 (full 0):
 PSYoungGen      total 76288K, used 76286K [0x000000076b180000, 0x0000000770680000, 0x00000007c0000000)
  eden space 65536K, 100% used [0x000000076b180000,0x000000076f180000,0x000000076f180000)
  from space 10752K, 99% used [0x000000076f180000,0x000000076fbffa50,0x000000076fc00000)
  to   space 10752K, 0% used [0x000000076fc00000,0x000000076fc00000,0x0000000770680000)
 ParOldGen       total 175104K, used 92K [0x00000006c1400000, 0x00000006cbf00000, 0x000000076b180000)
  object space 175104K, 0% used [0x00000006c1400000,0x00000006c1417208,0x00000006cbf00000)
 Metaspace       used 16074K, capacity 16362K, committed 16640K, reserved 1064960K
  class space    used 1905K, capacity 1980K, committed 2048K, reserved 1048576K
Event: 12.014 GC heap after
Heap after GC invocations=2 (full 0):
 PSYoungGen      total 76288K, used 10737K [0x000000076b180000, 0x0000000770680000, 0x00000007c0000000)
  eden space 65536K, 0% used [0x000000076b180000,0x000000076b180000,0x000000076f180000)
  from space 10752K, 99% used [0x000000076fc00000,0x000000077067c740,0x0000000770680000)
  to   space 10752K, 0% used [0x000000076f180000,0x000000076f180000,0x000000076fc00000)
 ParOldGen       total 175104K, used 449K [0x00000006c1400000, 0x00000006cbf00000, 0x000000076b180000)
  object space 175104K, 0% used [0x00000006c1400000,0x00000006c1470518,0x00000006cbf00000)
 Metaspace       used 16074K, capacity 16362K, committed 16640K, reserved 1064960K
  class space    used 1905K, capacity 1980K, committed 2048K, reserved 1048576K
}

Deoptimization events (10 events):
Event: 11.228 Thread 0x00000000032de800 Uncommon trap: reason=class_check action=maybe_recompile pc=0x0000000003ccea28 method=java.util.regex.Pattern$Start.match(Ljava/util/regex/Matcher;ILjava/lang/CharSequence;)Z @ 44
Event: 11.228 Thread 0x00000000032de800 Uncommon trap: reason=unstable_if action=reinterpret pc=0x0000000003cceaf4 method=java.util.regex.Matcher.search(I)Z @ 30
Event: 11.228 Thread 0x00000000032de800 Uncommon trap: reason=class_check action=maybe_recompile pc=0x0000000003a6d4a8 method=java.util.regex.Pattern$7.isSatisfiedBy(I)Z @ 16
Event: 11.228 Thread 0x00000000032de800 Uncommon trap: reason=class_check action=maybe_recompile pc=0x0000000003a6d4a8 method=java.util.regex.Pattern$7.isSatisfiedBy(I)Z @ 16
Event: 11.228 Thread 0x00000000032de800 Uncommon trap: reason=class_check action=maybe_recompile pc=0x0000000003a6d4a8 method=java.util.regex.Pattern$7.isSatisfiedBy(I)Z @ 16
Event: 11.228 Thread 0x00000000032de800 Uncommon trap: reason=class_check action=maybe_recompile pc=0x0000000003a6d4a8 method=java.util.regex.Pattern$7.isSatisfiedBy(I)Z @ 16
Event: 11.590 Thread 0x00000000032de800 Uncommon trap: reason=unstable_if action=reinterpret pc=0x0000000003cdec3c method=org.apache.maven.model.io.xpp3.MavenXpp3Reader.nextTag(Lorg/codehaus/plexus/util/xml/pull/XmlPullParser;)I @ 9
Event: 11.694 Thread 0x00000000032de800 Uncommon trap: reason=unstable_if action=reinterpret pc=0x0000000003cc9f38 method=org.codehaus.plexus.util.xml.pull.MXParser.parseAttribute()C @ 1002
Event: 12.281 Thread 0x00000000032de800 Uncommon trap: reason=null_check action=make_not_entrant pc=0x0000000003dde71c method=org.apache.maven.model.validation.DefaultModelValidator.validateEffectiveDependency(Lorg/apache/maven/model/building/ModelProblemCollector;Lorg/apache/maven/model/Depend
Event: 12.412 Thread 0x00000000032de800 Uncommon trap: reason=unstable_if action=reinterpret pc=0x0000000003b40b5c method=java.util.LinkedHashMap.afterNodeInsertion(Z)V @ 18

Internal exceptions (10 events):
Event: 8.748 Thread 0x00000000032de800 Exception <a 'java/lang/NullPointerException'> (0x000000076c2555f0) thrown at [C:\re\workspace\8-2-build-windows-amd64-cygwin\jdk8u131\8869\hotspot\src\share\vm\interpreter\linkResolver.cpp, line 1197]
Event: 8.748 Thread 0x00000000032de800 Exception <a 'java/lang/NullPointerException'> (0x000000076c255808) thrown at [C:\re\workspace\8-2-build-windows-amd64-cygwin\jdk8u131\8869\hotspot\src\share\vm\interpreter\linkResolver.cpp, line 1197]
Event: 8.749 Thread 0x00000000032de800 Exception <a 'java/lang/NullPointerException'> (0x000000076c25cda8) thrown at [C:\re\workspace\8-2-build-windows-amd64-cygwin\jdk8u131\8869\hotspot\src\share\vm\interpreter\linkResolver.cpp, line 1197]
Event: 8.749 Thread 0x00000000032de800 Exception <a 'java/lang/NullPointerException'> (0x000000076c25cfc0) thrown at [C:\re\workspace\8-2-build-windows-amd64-cygwin\jdk8u131\8869\hotspot\src\share\vm\interpreter\linkResolver.cpp, line 1197]
Event: 8.749 Thread 0x00000000032de800 Exception <a 'java/lang/NullPointerException'> (0x000000076c25d1d8) thrown at [C:\re\workspace\8-2-build-windows-amd64-cygwin\jdk8u131\8869\hotspot\src\share\vm\interpreter\linkResolver.cpp, line 1197]
Event: 8.918 Thread 0x00000000032de800 Implicit null exception at 0x000000000376e916 to 0x000000000376ecc5
Event: 8.918 Thread 0x00000000032de800 Implicit null exception at 0x00000000036d5656 to 0x00000000036d5a05
Event: 9.268 Thread 0x00000000032de800 Implicit null exception at 0x0000000003aefc03 to 0x0000000003aefe4d
Event: 10.118 Thread 0x00000000032de800 Implicit null exception at 0x0000000003c41603 to 0x0000000003c4184d
Event: 12.281 Thread 0x00000000032de800 Implicit null exception at 0x0000000003dde128 to 0x0000000003dde6f9

Events (10 events):
Event: 12.019 Executing VM operation: RevokeBias
Event: 12.019 Executing VM operation: RevokeBias done
Event: 12.019 Executing VM operation: BulkRevokeBias
Event: 12.019 Executing VM operation: BulkRevokeBias done
Event: 12.281 Thread 0x00000000032de800 Uncommon trap: trap_request=0xfffffff4 fr.pc=0x0000000003dde71c
Event: 12.281 Thread 0x00000000032de800 DEOPT PACKING pc=0x0000000003dde71c sp=0x00000000033dd580
Event: 12.281 Thread 0x00000000032de800 DEOPT UNPACKING pc=0x000000000352582a sp=0x00000000033dd540 mode 2
Event: 12.412 Thread 0x00000000032de800 Uncommon trap: trap_request=0xffffff65 fr.pc=0x0000000003b40b5c
Event: 12.412 Thread 0x00000000032de800 DEOPT PACKING pc=0x0000000003b40b5c sp=0x00000000033dc2d0
Event: 12.412 Thread 0x00000000032de800 DEOPT UNPACKING pc=0x000000000352582a sp=0x00000000033dc258 mode 2


Dynamic libraries:
0x00007ff682060000 - 0x00007ff682097000 	D:\Java\jdk\bin\java.exe
0x00007fffef150000 - 0x00007fffef345000 	C:\WINDOWS\SYSTEM32\ntdll.dll
0x00007fffed370000 - 0x00007fffed42d000 	C:\WINDOWS\System32\KERNEL32.DLL
0x00007fffece30000 - 0x00007fffed0f8000 	C:\WINDOWS\System32\KERNELBASE.dll
0x00007fffeea00000 - 0x00007fffeeaac000 	C:\WINDOWS\System32\ADVAPI32.dll
0x00007fffed5c0000 - 0x00007fffed65e000 	C:\WINDOWS\System32\msvcrt.dll
0x00007fffedea0000 - 0x00007fffedf3b000 	C:\WINDOWS\System32\sechost.dll
0x00007fffed660000 - 0x00007fffed78b000 	C:\WINDOWS\System32\RPCRT4.dll
0x00007fffedd00000 - 0x00007fffedea0000 	C:\WINDOWS\System32\USER32.dll
0x00007fffece00000 - 0x00007fffece22000 	C:\WINDOWS\System32\win32u.dll
0x00007fffed1b0000 - 0x00007fffed1da000 	C:\WINDOWS\System32\GDI32.dll
0x00007fffecb70000 - 0x00007fffecc7b000 	C:\WINDOWS\System32\gdi32full.dll
0x00007fffecc80000 - 0x00007fffecd1d000 	C:\WINDOWS\System32\msvcp_win.dll
0x00007fffeca70000 - 0x00007fffecb70000 	C:\WINDOWS\System32\ucrtbase.dll
0x00007fffdbb30000 - 0x00007fffdbdca000 	C:\WINDOWS\WinSxS\amd64_microsoft.windows.common-controls_6595b64144ccf1df_6.0.19041.844_none_ca00b6081b84eb1d\COMCTL32.dll
0x00007fffeec50000 - 0x00007fffeec80000 	C:\WINDOWS\System32\IMM32.DLL
0x0000000061550000 - 0x0000000061622000 	D:\Java\jdk\jre\bin\msvcr100.dll
0x0000000060680000 - 0x0000000060f1c000 	D:\Java\jdk\jre\bin\server\jvm.dll
0x00007fffeec80000 - 0x00007fffeec88000 	C:\WINDOWS\System32\PSAPI.DLL
0x00007fffd1ef0000 - 0x00007fffd1ef9000 	C:\WINDOWS\SYSTEM32\WSOCK32.dll
0x00007fffedc00000 - 0x00007fffedc6b000 	C:\WINDOWS\System32\WS2_32.dll
0x00007fffdff60000 - 0x00007fffdff87000 	C:\WINDOWS\SYSTEM32\WINMM.dll
0x00007fffe2d10000 - 0x00007fffe2d1a000 	C:\WINDOWS\SYSTEM32\VERSION.dll
0x0000000061540000 - 0x000000006154f000 	D:\Java\jdk\jre\bin\verify.dll
0x0000000061510000 - 0x0000000061539000 	D:\Java\jdk\jre\bin\java.dll
0x00000000614f0000 - 0x0000000061506000 	D:\Java\jdk\jre\bin\zip.dll
0x00007fffee030000 - 0x00007fffee772000 	C:\WINDOWS\System32\SHELL32.dll
0x00007fffea690000 - 0x00007fffeae21000 	C:\WINDOWS\SYSTEM32\windows.storage.dll
0x00007fffeed00000 - 0x00007fffef055000 	C:\WINDOWS\System32\combase.dll
0x00007fffec1c0000 - 0x00007fffec1ec000 	C:\WINDOWS\SYSTEM32\Wldp.dll
0x00007fffef060000 - 0x00007fffef10e000 	C:\WINDOWS\System32\SHCORE.dll
0x00007fffeeca0000 - 0x00007fffeecf5000 	C:\WINDOWS\System32\shlwapi.dll
0x00007fffec7d0000 - 0x00007fffec7ef000 	C:\WINDOWS\SYSTEM32\profapi.dll
0x00007fffec200000 - 0x00007fffec218000 	C:\WINDOWS\SYSTEM32\CRYPTSP.dll
0x00007fffeb900000 - 0x00007fffeb934000 	C:\WINDOWS\system32\rsaenh.dll
0x00007fffecd70000 - 0x00007fffecd97000 	C:\WINDOWS\System32\bcrypt.dll
0x00007fffec790000 - 0x00007fffec7be000 	C:\WINDOWS\SYSTEM32\USERENV.dll
0x00007fffec890000 - 0x00007fffec910000 	C:\WINDOWS\System32\bcryptprimitives.dll
0x00007fffec0c0000 - 0x00007fffec0cc000 	C:\WINDOWS\SYSTEM32\CRYPTBASE.dll
0x00000000614c0000 - 0x00000000614da000 	D:\java\jdk\jre\bin\net.dll
0x00007fffebf40000 - 0x00007fffebfaa000 	C:\WINDOWS\system32\mswsock.dll
0x00007fffebc50000 - 0x00007fffebc8b000 	C:\WINDOWS\SYSTEM32\IPHLPAPI.DLL
0x00007fffedf40000 - 0x00007fffedf48000 	C:\WINDOWS\System32\NSI.dll
0x00007fffe2230000 - 0x00007fffe2247000 	C:\WINDOWS\SYSTEM32\dhcpcsvc6.DLL
0x00007fffe2210000 - 0x00007fffe222d000 	C:\WINDOWS\SYSTEM32\dhcpcsvc.DLL
0x00007fffebc90000 - 0x00007fffebd5c000 	C:\WINDOWS\SYSTEM32\DNSAPI.dll
0x00000000614a0000 - 0x00000000614b1000 	D:\java\jdk\jre\bin\nio.dll
0x00007fffe8480000 - 0x00007fffe848a000 	C:\Users\Lenovo\AppData\Local\Temp\jansi-1.17.1-7972184344986784830.dll
0x00007fffe4f60000 - 0x00007fffe4f6a000 	C:\Users\Lenovo\AppData\Local\Temp\jansi-1.17.1-7287556410618799685.dll

VM Arguments:
jvm_args: -Dmaven.multiModuleProjectDirectory=E:\Spring_x\wt -Dmaven.home=D:\apache-maven-3.6.3-bin\apache-maven-3.6.3 -Dclassworlds.conf=D:\apache-maven-3.6.3-bin\apache-maven-3.6.3\bin\m2.conf -Dmaven.ext.class.path=D:\IntelliJ IDEA 2020.1\plugins\maven\lib\maven-event-listener.jar -Dfile.encoding=UTF-8 
java_command: org.codehaus.classworlds.Launcher -Didea.version2020.1 -s D:\apache-maven-3.6.3-bin\apache-maven-3.6.3\conf\settings.xml -Dmaven.repo.local=D:\apache-maven-3.6.3-bin\.m2\repository install --non-recursive
java_class_path (initial): D:\apache-maven-3.6.3-bin\apache-maven-3.6.3\boot\plexus-classworlds-2.6.0.jar;D:\apache-maven-3.6.3-bin\apache-maven-3.6.3\boot\plexus-classworlds.license
Launcher Type: SUN_STANDARD

Environment Variables:
JAVA_HOME=D:\java\jdk1.8.0_131
CLASSPATH=.;D:\java\jdk1.8.0_131\lib\dt.jar;D:\java\jdk1.8.0_131\lib\tools.jar;
PATH=D:\java\jdk1.8.0_131\bin;C:\Program Files\Google\Chrome\Application;C:\Users\Lenovo\miniconda3\Lib\site-packages\django\bin;D:\python3.8.1_2019.12\Scripts;D:\java\jdk\bin;C:\Program Files (x86)\dotnet\;D:\java\jdk1.8.0_131\bin;D:\java\jdk1.8.0_131\jre\bin;C:\Program Files\Microsoft MPI\Bin\;C:\ProgramData\Oracle\Java\javapath;D:\cmder;D:\touping\platform-tools;D:\touping\scrcpy-win64-v1.10;D:\python3.8.1_2019.12;D:\apache-maven-3.6.3-bin\apache-maven-3.6.3\bin;C:\Program Files\MySQL\MySQL Server 5.7\bin;C:\Windows\system32;C:\Windows;C:\Program Files\MySQL\MySQL Server 8.0\bin;D:\Go\bin;D:\Anaconda3\Scripts;C:\Windows\System32\Wbem;C:\Windows\System32\WindowsPowerShell\v1.0\;C:\Windows\System32\OpenSSH\;C:\Program Files (x86)\NVIDIA Corporation\PhysX\Common;C:\Program Files\NVIDIA Corporation\NVIDIA NvDLISR;C:\WINDOWS\system32;C:\WINDOWS;C:\WINDOWS\System32\Wbem;C:\WINDOWS\System32\WindowsPowerShell\v1.0\;C:\WINDOWS\System32\OpenSSH\;D:\apache-maven-3.6.3-bin\hadoop-2.7.2\hadoop-2.7.2\bin;D:\SQL\Program Files (x86)\Microsoft SQL Server\130\Tools\Binn\;D:\SQL\Program Files\Microsoft SQL Server\130\Tools\Binn\;D:\SQL\Program Files\Microsoft SQL Server\130\DTS\Binn\;D:\SQL\Program Files\Microsoft SQL Server\Client SDK\ODBC\130\Tools\Binn\;D:\scala\bin;D:\scala\bin\bin;D:\scala\spark-2.0.0-bin-hadoop2.7\spark-2.0.0-bin-hadoop2\spark-2.0.0-bin-hadoop2.7\bin;D:\scala\spark-2.0.0-bin-hadoop2.7\spark-2.0.0-bin-hadoop2\spark-2.0.0-bin-hadoop2.7\sbin;D:\Anaconda3;D:\Anaconda3\Library\bin;C:\Program Files (x86)\ZeroTier\One\;D:\chromedriver_win32;D:\java\jdk-14.0.1\bin;E:\nodejs\;E:\nodejs\node_global;C:\Users\Lenovo\AppData\Local\Microsoft\WindowsApps;;D:\WebStorm\WebStorm 2019.3.5\bin;;C:\Users\Lenovo\go\bin;E:\IntelliJ IDEA 2020.3.2\bin;;D:\PhpStorm\PhpStorm 2020.3.3\bin;;C:\Users\Lenovo\AppData\Roaming\npm
USERNAME=Lenovo
OS=Windows_NT
PROCESSOR_IDENTIFIER=Intel64 Family 6 Model 158 Stepping 10, GenuineIntel



---------------  S Y S T E M  ---------------

OS: Windows 10.0 , 64 bit Build 19041 (10.0.19041.928)

CPU:total 12 (initial active 12) (6 cores per cpu, 2 threads per core) family 6 model 158 stepping 10, cmov, cx8, fxsr, mmx, sse, sse2, sse3, ssse3, sse4.1, sse4.2, popcnt, avx, avx2, aes, clmul, erms, 3dnowpref, lzcnt, ht, tsc, tscinvbit, bmi1, bmi2, adx

Memory: 4k page, physical 16694516k(2636356k free), swap 29801712k(3928k free)

vm_info: Java HotSpot(TM) 64-Bit Server VM (25.131-b11) for windows-amd64 JRE (1.8.0_131-b11), built on Mar 15 2017 01:23:53 by "java_re" with MS VC++ 10.0 (VS2010)

time: Sun Jul 04 23:46:07 2021
elapsed time: 12 seconds (0d 0h 0m 12s)

